Solid Edge Translation to STEP
Date: Saturday,May 20,2023 07:59pm
Output File: C:\Users\Admin\Desktop\Lõputöö artikklid\Repo jaoks\Humanoid\Uus repo\STEP files\Humanoid\Torso_assembly.stp
Author: Unknown
Organization: Unknown
Source System: Solid Edge

Hardware:
Processor: Intel(R) Core(TM) i5-7300U CPU @ 2.60GHz
Operating System: Windows 10 Professional Version:21H2 Build:19044 System Type:64-bit
Installed Memory: 15.83 GB

Software Information
Parasolid Version: 35.0.149
PSBodyShop Version: 35.0.82
Step Adapter Version: 11.0.82
Solid Edge Version: 223.00.00.101 x64

STEP Export Options
Export Format: AP214
Export Construction Sheets: Off
Export Construction Solids: Off
Export Construction Wires: Off
Export Displayed Parts Only: Off
Export Units: Millimeters
Export Part Component Names As Unicode: Off
Export PMI: Off

Phase 1 of 1 Translating Parasolid to foreign data types...
Translation process completed
Time required to translate:00 : 00 : 06
